Arguments: 
  C:\Program Files\nodejs\node.exe C:\Users\HP\AppData\Roaming\npm\node_modules\yarn\bin\yarn.js add hardhat-deploy

PATH: 
  C:\Program Files\WindowsApps\Microsoft.PowerShell_7.2.6.0_x64__8wekyb3d8bbwe;C:\Python310\Scripts\;C:\Python310\;C:\WINDOWS\system32;C:\WINDOWS;C:\WINDOWS\System32\Wbem;C:\WINDOWS\System32\WindowsPowerShell\v1.0\;C:\WINDOWS\System32\OpenSSH\;C:\ProgramData\chocolatey\bin;C:\Program Files\MongoDB\Server\5.0\bin;C:\Program Files\Git\cmd;C:\Program Files\nodejs\;C:\MinGW\bin;D:\jdk-18.0.1.1\bin;D:\jdk-18.0.1.1\bin;C:\Users\HP\AppData\Local\Programs\Microsoft VS Code\bin;C:\Users\HP\AppData\Roaming\npm;C:\Users\HP\AppData\Local\GitHubDesktop\bin

Yarn version: 
  1.22.19

Node version: 
  16.16.0

Platform: 
  win32 x64

Trace: 
  Error: EPERM: operation not permitted, unlink 'C:\Users\HP\OneDrive\Desktop\c\blockchain\on chain nft\node_modules\@nomicfoundation\solidity-analyzer-win32-x64-msvc\solidity-analyzer.win32-x64-msvc.node'

npm manifest: 
  {
    "name": "hardhat-project",
    "devDependencies": {
      "@nomicfoundation/hardhat-toolbox": "^2.0.0",
      "hardhat": "^2.11.2"
    },
    "dependencies": {
      "@openzeppelin/contracts": "^4.7.3",
      "base64-sol": "^1.1.0"
    }
  }

yarn manifest: 
  No manifest

Lockfile: 
  No lockfile
